app/build/intermediates/manifest_merge_blame_file/debug/processDebugMainManifest/manifest-merger-blame-debug-report.txt
1<?xml version="1.0" encoding="utf-8"?>
2<manifest xmlns:android="http://schemas.android.com/apk/res/android"
3    package="com.koeur.app"
4    android:versionCode="1"
5    android:versionName="1.0" >
6
7    <uses-sdk
8        android:minSdkVersion="23"
9        android:targetSdkVersion="23" />
10
11    <uses-permission android:name="android.permission.INTERNET" />
11-->src/main/AndroidManifest.xml:5:5-67
11-->src/main/AndroidManifest.xml:5:22-64
12
13    <application
13-->src/main/AndroidManifest.xml:7:5-23:19
14        android:allowBackup="true"
14-->src/main/AndroidManifest.xml:8:9-35
15        android:debuggable="true"
16        android:extractNativeLibs="false"
17        android:icon="@drawable/koeur_logo"
17-->src/main/AndroidManifest.xml:10:9-44
18        android:label="Koeur"
18-->src/main/AndroidManifest.xml:9:9-30
19        android:theme="@style/AppTheme"
19-->src/main/AndroidManifest.xml:11:9-40
20        android:usesCleartextTraffic="true" >
20-->src/main/AndroidManifest.xml:12:9-44
21        <activity
21-->src/main/AndroidManifest.xml:14:9-21:20
22            android:name="com.koeur.app.MainActivity"
22-->src/main/AndroidManifest.xml:15:13-41
23            android:exported="true" >
23-->src/main/AndroidManifest.xml:16:13-36
24            <intent-filter>
24-->src/main/AndroidManifest.xml:17:13-20:29
25                <action android:name="android.intent.action.MAIN" />
25-->src/main/AndroidManifest.xml:18:17-69
25-->src/main/AndroidManifest.xml:18:25-66
26
27                <category android:name="android.intent.category.LAUNCHER" />
27-->src/main/AndroidManifest.xml:19:17-77
27-->src/main/AndroidManifest.xml:19:27-74
28            </intent-filter>
29        </activity>
30    </application>
31
32</manifest>